[debug] [2021-03-03T19:35:11.072Z] ----------------------------------------------------------------------
[debug] [2021-03-03T19:35:11.074Z] Command:       C:\Program Files\nodejs\node.exe C:\Users\Nawzad HP Zbook\AppData\Roaming\npm\node_modules\firebase-tools\lib\bin\firebase.js init
[debug] [2021-03-03T19:35:11.075Z] CLI Version:   9.5.0
[debug] [2021-03-03T19:35:11.075Z] Platform:      win32
[debug] [2021-03-03T19:35:11.075Z] Node Version:  v14.16.0
[debug] [2021-03-03T19:35:11.076Z] Time:          Wed Mar 03 2021 22:35:11 GMT+0300 (Arabian Standard Time)
[debug] [2021-03-03T19:35:11.077Z] ----------------------------------------------------------------------
[debug] [2021-03-03T19:35:11.077Z] 
[debug] [2021-03-03T19:35:11.085Z] > command requires scopes: ["email","openid","https://www.googleapis.com/auth/cloudplatformprojects.readonly","https://www.googleapis.com/auth/firebase","https://www.googleapis.com/auth/cloud-platform"]
[debug] [2021-03-03T19:35:11.086Z] > authorizing via signed-in user
[info] 
     ######## #### ########  ######## ########     ###     ######  ########
     ##        ##  ##     ## ##       ##     ##  ##   ##  ##       ##
     ######    ##  ########  ######   ########  #########  ######  ######
     ##        ##  ##    ##  ##       ##     ## ##     ##       ## ##
     ##       #### ##     ## ######## ########  ##     ##  ######  ########

You're about to initialize a Firebase project in this directory:

  D:\Web Design Course\Web Design Course Level 1  Basic by Dot Net Learning\Final Project by Nawzad\Project Web Design Level one Final 2 Bootstrap 4

Before we get started, keep in mind:

  * You are initializing in an existing Firebase project directory

[info] 
=== Project Setup
[info] 
[info] First, let's associate this project directory with a Firebase project.
[info] You can create multiple project aliases by running firebase use --add, 
[info] but for now we'll just set up a default project.
[info] 
[info] i  .firebaserc already has a default project, using best4kurdistan. 
[debug] [2021-03-03T19:35:22.788Z] >>> [apiv2][query] GET https://firebase.googleapis.com/v1beta1/projects/best4kurdistan [none]
[debug] [2021-03-03T19:35:23.379Z] <<< [apiv2][status] GET https://firebase.googleapis.com/v1beta1/projects/best4kurdistan 200
[debug] [2021-03-03T19:35:23.379Z] <<< [apiv2][body] GET https://firebase.googleapis.com/v1beta1/projects/best4kurdistan {"projectId":"best4kurdistan","projectNumber":"127123942726","displayName":"best4kurdistan","name":"projects/best4kurdistan","resources":{"hostingSite":"best4kurdistan"},"state":"ACTIVE"}
[info] 
=== Hosting Setup
[info] 
[info] Your public directory is the folder (relative to your project directory) that
[info] will contain Hosting assets to be uploaded with firebase deploy. If you
[info] have a build process for your assets, use your build's output directory.
[info] 
[debug] [2021-03-03T19:35:37.856Z] >>> [apiv2][query] GET https://www.gstatic.com/firebasejs/releases.json [none]
[debug] [2021-03-03T19:35:38.289Z] <<< [apiv2][status] GET https://www.gstatic.com/firebasejs/releases.json 200
[debug] [2021-03-03T19:35:38.289Z] <<< [apiv2][body] GET https://www.gstatic.com/firebasejs/releases.json {"current":{"version":"8.2.9","browserURL":"https://www.gstatic.com/firebasejs/8.2.9/firebase.js","packageURL":"https://www.gstatic.com/firebasejs/8.2.9/firebase.tgz"},"live":{"version":"8.2","browserURL":"https://www.gstatic.com/firebasejs/live/8.2/firebase.js","packageURL":"https://www.gstatic.com/firebasejs/live/8.2/firebase.tgz"},"components":{"analytics":"https://www.gstatic.com/firebasejs/8.2.9/firebase-analytics.js","app":"https://www.gstatic.com/firebasejs/8.2.9/firebase-app.js","auth":"https://www.gstatic.com/firebasejs/8.2.9/firebase-auth.js","database":"https://www.gstatic.com/firebasejs/8.2.9/firebase-database.js","firestore":"https://www.gstatic.com/firebasejs/8.2.9/firebase-firestore.js","functions":"https://www.gstatic.com/firebasejs/8.2.9/firebase-functions.js","installations":"https://www.gstatic.com/firebasejs/8.2.9/firebase-installations.js","messaging":"https://www.gstatic.com/firebasejs/8.2.9/firebase-messaging.js","storage":"https://www.gstatic.com/firebasejs/8.2.9/firebase-storage.js","performance":"https://www.gstatic.com/firebasejs/8.2.9/firebase-performance.js","remote-config":"https://www.gstatic.com/firebasejs/8.2.9/firebase-remote-config.js","firestore.memory":"https://www.gstatic.com/firebasejs/8.2.9/firebase-firestore.memory.js"}}
[info] +  Wrote n/index.html 
[info] 
[info] i  Didn't detect a .git folder. Assuming D:\Web Design Course\Web Design Course Level 1  Basic by Dot Net Learning\Final Project by Nawzad\Project Web Design Level one Final 2 Bootstrap 4 is the project root. 
[info] i  Authorizing with GitHub to upload your service account to a GitHub repository's secrets store. 
[info] 
[info] Visit this URL on this device to log in:
[info] https://github.com/login/oauth/authorize?client_id=89cf50f02ac6aaed3484&state=1061193050&redirect_uri=http%3A%2F%2Flocalhost%3A9005&scope=read%3Auser%20repo%20public_repo
[info] 
[info] Waiting for authentication...
